<?xml version="1.0" encoding="UTF-8"?>
<!-- Generated by org.testng.reporters.JUnitXMLReporter -->
<testsuite hostname="LAPTOP-D7GGNOQ4" ignored="0" name="Test" tests="2" failures="0" timestamp="2020-09-16T20:14:15 IST" time="18.961" errors="0">
  <testcase name="ElementTextBox" time="1.068" classname="com.samir.automationframework.pomautomationframework.ElementTextBoxTest"/>
  <testcase name="ElementWebTable" time="1.602" classname="com.samir.automationframework.pomautomationframework.ElementWebTableTest"/>
</testsuite> <!-- Test -->
